<?xml version="1.0" encoding="UTF-8"?>
<!-- Generated by org.testng.reporters.JUnitXMLReporter -->
<testsuite ignored="3" hostname="DESKTOP-3MH594M" failures="0" tests="1" name="Default test" time="9.123" errors="0" timestamp="2024-07-19T21:29:38 IST">
  <testcase classname="com.tutorialsninja.qa.testcases.RegistrationPage" name="verifyRegisteringwithoutProvidingAnyDetails" time="3.672"/>
  <testcase classname="com.tutorialsninja.qa.testcases.RegistrationPage" name="verifyRegiserwithExistingEmailAddress" time="0.0">
    <ignored/>
  </testcase> <!-- verifyRegiserwithExistingEmailAddress -->
  <testcase classname="com.tutorialsninja.qa.testcases.RegistrationPage" name="verifyRegisterwithMandatoryFields" time="0.0">
    <ignored/>
  </testcase> <!-- verifyRegisterwithMandatoryFields -->
  <testcase classname="com.tutorialsninja.qa.testcases.RegistrationPage" name="verifyRegisterwithAllFields" time="0.0">
    <ignored/>
  </testcase> <!-- verifyRegisterwithAllFields -->
</testsuite> <!-- Default test -->
