<?xml version="1.0" encoding="UTF-8"?>
<!-- Generated by org.testng.reporters.JUnitXMLReporter -->
<testsuite ignored="0" hostname="DESKTOP-3MH594M" failures="0" tests="14" name="TutorialsNinja Automation Tests" time="72.155" errors="0" timestamp="2024-07-19T21:31:13 IST">
  <testcase classname="com.tutorialsninja.qa.testcases.RegistrationPage" name="verifyRegisterwithMandatoryFields" time="1.707"/>
  <testcase classname="com.tutorialsninja.qa.testcases.RegistrationPage" name="verifyRegisterwithAllFields" time="1.564"/>
  <testcase classname="com.tutorialsninja.qa.testcases.RegistrationPage" name="verifyRegiserwithExistingEmailAddress" time="1.233"/>
  <testcase classname="com.tutorialsninja.qa.testcases.RegistrationPage" name="verifyRegisteringwithoutProvidingAnyDetails" time="3.616"/>
  <testcase classname="com.tutorialsninja.qa.testcases.Login" name="verifyLoginwithValidCredentials" time="0.907"/>
  <testcase classname="com.tutorialsninja.qa.testcases.Login" name="verifyLoginwithValidCredentials" time="0.992"/>
  <testcase classname="com.tutorialsninja.qa.testcases.Login" name="verifyLoginwithValidCredentials" time="1.079"/>
  <testcase classname="com.tutorialsninja.qa.testcases.Login" name="verifywithInvalidCredentials" time="0.915"/>
  <testcase classname="com.tutorialsninja.qa.testcases.Login" name="verifywithvalidUsernameandInvalidPassword" time="0.799"/>
  <testcase classname="com.tutorialsninja.qa.testcases.Login" name="verifywithInvalidEmailandValidPassword" time="0.848"/>
  <testcase classname="com.tutorialsninja.qa.testcases.Login" name="verifywithoutProvidingAnyCredentials" time="0.508"/>
  <testcase classname="com.tutorialsninja.qa.testcases.SearchFunctionality" name="verifySearchWithValidProduct" time="0.762"/>
  <testcase classname="com.tutorialsninja.qa.testcases.SearchFunctionality" name="verifywithInvalidProduct" time="0.584"/>
  <testcase classname="com.tutorialsninja.qa.testcases.SearchFunctionality" name="verifySearchWithoutAnyProduct" time="0.368"/>
</testsuite> <!-- TutorialsNinja Automation Tests -->
