<?xml version="1.0" encoding="UTF-8"?>
<testng-results ignored="0" total="3" passed="3" failed="0" skipped="0">
  <reporter-output>
  </reporter-output>
  <suite started-at="2024-07-17T17:33:19 IST" name="Default suite" finished-at="2024-07-17T17:33:42 IST" duration-ms="22858">
    <groups>
    </groups>
    <test started-at="2024-07-17T17:33:19 IST" name="Default test" finished-at="2024-07-17T17:33:42 IST" duration-ms="22858">
      <class name="com.tutorialsninja.qa.testcases.Login">
        <test-method is-config="true" signature="setup()[pri:0, instance:com.tutorialsninja.qa.testcases.Login@298a5e20]" started-at="2024-07-17T17:33:20 IST" name="setup" finished-at="2024-07-17T17:33:27 IST" duration-ms="6804" status="PASS">
          <reporter-output>
          </reporter-output>
        </test-method> <!-- setup -->
        <test-method signature="verifyLoginwithValidCredentials(java.lang.String,java.lang.String)[pri:1, instance:com.tutorialsninja.qa.testcases.Login@298a5e20]" started-at="2024-07-17T17:33:27 IST" name="verifyLoginwithValidCredentials" data-provider="validCredentialsSupplier" finished-at="2024-07-17T17:33:28 IST" duration-ms="1037" status="PASS">
          <params>
            <param index="0">
              <value>
                <![CDATA[sashidhar123@gmail.com]]>
              </value>
            </param>
            <param index="1">
              <value>
                <![CDATA[12345]]>
              </value>
            </param>
          </params>
          <reporter-output>
          </reporter-output>
        </test-method> <!-- verifyLoginwithValidCredentials -->
        <test-method is-config="true" signature="tearDown()[pri:0, instance:com.tutorialsninja.qa.testcases.Login@298a5e20]" started-at="2024-07-17T17:33:28 IST" name="tearDown" finished-at="2024-07-17T17:33:29 IST" duration-ms="253" status="PASS">
          <reporter-output>
          </reporter-output>
        </test-method> <!-- tearDown -->
        <test-method is-config="true" signature="setup()[pri:0, instance:com.tutorialsninja.qa.testcases.Login@298a5e20]" started-at="2024-07-17T17:33:29 IST" name="setup" finished-at="2024-07-17T17:33:34 IST" duration-ms="5145" status="PASS">
          <reporter-output>
          </reporter-output>
        </test-method> <!-- setup -->
        <test-method signature="verifyLoginwithValidCredentials(java.lang.String,java.lang.String)[pri:1, instance:com.tutorialsninja.qa.testcases.Login@298a5e20]" started-at="2024-07-17T17:33:34 IST" name="verifyLoginwithValidCredentials" data-provider="validCredentialsSupplier" finished-at="2024-07-17T17:33:35 IST" duration-ms="1141" status="PASS">
          <params>
            <param index="0">
              <value>
                <![CDATA[gvn.sashidhar@gmail.com]]>
              </value>
            </param>
            <param index="1">
              <value>
                <![CDATA[12345]]>
              </value>
            </param>
          </params>
          <reporter-output>
          </reporter-output>
        </test-method> <!-- verifyLoginwithValidCredentials -->
        <test-method is-config="true" signature="tearDown()[pri:0, instance:com.tutorialsninja.qa.testcases.Login@298a5e20]" started-at="2024-07-17T17:33:35 IST" name="tearDown" finished-at="2024-07-17T17:33:35 IST" duration-ms="244" status="PASS">
          <reporter-output>
          </reporter-output>
        </test-method> <!-- tearDown -->
        <test-method is-config="true" signature="setup()[pri:0, instance:com.tutorialsninja.qa.testcases.Login@298a5e20]" started-at="2024-07-17T17:33:35 IST" name="setup" finished-at="2024-07-17T17:33:41 IST" duration-ms="5931" status="PASS">
          <reporter-output>
          </reporter-output>
        </test-method> <!-- setup -->
        <test-method signature="verifyLoginwithValidCredentials(java.lang.String,java.lang.String)[pri:1, instance:com.tutorialsninja.qa.testcases.Login@298a5e20]" started-at="2024-07-17T17:33:41 IST" name="verifyLoginwithValidCredentials" data-provider="validCredentialsSupplier" finished-at="2024-07-17T17:33:42 IST" duration-ms="1014" status="PASS">
          <params>
            <param index="0">
              <value>
                <![CDATA[sashidhar143@gmail.com]]>
              </value>
            </param>
            <param index="1">
              <value>
                <![CDATA[12345]]>
              </value>
            </param>
          </params>
          <reporter-output>
          </reporter-output>
        </test-method> <!-- verifyLoginwithValidCredentials -->
        <test-method is-config="true" signature="tearDown()[pri:0, instance:com.tutorialsninja.qa.testcases.Login@298a5e20]" started-at="2024-07-17T17:33:42 IST" name="tearDown" finished-at="2024-07-17T17:33:42 IST" duration-ms="206" status="PASS">
          <reporter-output>
          </reporter-output>
        </test-method> <!-- tearDown -->
      </class> <!-- com.tutorialsninja.qa.testcases.Login -->
    </test> <!-- Default test -->
  </suite> <!-- Default suite -->
</testng-results>
