<?xml version="1.0" encoding="UTF-8"?>
<testng-results ignored="0" total="14" passed="14" failed="0" skipped="0">
  <reporter-output>
  </reporter-output>
  <suite started-at="2024-07-19T21:30:00 IST" name="TutorialsNinja Automation Test Suite" finished-at="2024-07-19T21:31:13 IST" duration-ms="72155">
    <groups>
    </groups>
    <test started-at="2024-07-19T21:30:00 IST" name="TutorialsNinja Automation Tests" finished-at="2024-07-19T21:31:13 IST" duration-ms="72155">
      <class name="com.tutorialsninja.qa.testcases.SearchFunctionality">
        <test-method is-config="true" signature="setup()[pri:0, instance:com.tutorialsninja.qa.testcases.SearchFunctionality@350aac89]" started-at="2024-07-19T21:31:00 IST" name="setup" finished-at="2024-07-19T21:31:04 IST" duration-ms="3311" status="PASS">
          <reporter-output>
          </reporter-output>
        </test-method> <!-- setup -->
        <test-method signature="verifySearchWithValidProduct()[pri:1, instance:com.tutorialsninja.qa.testcases.SearchFunctionality@350aac89]" started-at="2024-07-19T21:31:04 IST" name="verifySearchWithValidProduct" finished-at="2024-07-19T21:31:04 IST" duration-ms="762" status="PASS">
          <reporter-output>
          </reporter-output>
        </test-method> <!-- verifySearchWithValidProduct -->
        <test-method is-config="true" signature="tearDown()[pri:0, instance:com.tutorialsninja.qa.testcases.SearchFunctionality@350aac89]" started-at="2024-07-19T21:31:04 IST" name="tearDown" finished-at="2024-07-19T21:31:05 IST" duration-ms="366" status="PASS">
          <reporter-output>
          </reporter-output>
        </test-method> <!-- tearDown -->
        <test-method is-config="true" signature="setup()[pri:0, instance:com.tutorialsninja.qa.testcases.SearchFunctionality@350aac89]" started-at="2024-07-19T21:31:05 IST" name="setup" finished-at="2024-07-19T21:31:08 IST" duration-ms="3189" status="PASS">
          <reporter-output>
          </reporter-output>
        </test-method> <!-- setup -->
        <test-method signature="verifywithInvalidProduct()[pri:2, instance:com.tutorialsninja.qa.testcases.SearchFunctionality@350aac89]" started-at="2024-07-19T21:31:08 IST" name="verifywithInvalidProduct" finished-at="2024-07-19T21:31:09 IST" duration-ms="584" status="PASS">
          <reporter-output>
          </reporter-output>
        </test-method> <!-- verifywithInvalidProduct -->
        <test-method is-config="true" signature="tearDown()[pri:0, instance:com.tutorialsninja.qa.testcases.SearchFunctionality@350aac89]" started-at="2024-07-19T21:31:09 IST" name="tearDown" finished-at="2024-07-19T21:31:09 IST" duration-ms="255" status="PASS">
          <reporter-output>
          </reporter-output>
        </test-method> <!-- tearDown -->
        <test-method is-config="true" signature="setup()[pri:0, instance:com.tutorialsninja.qa.testcases.SearchFunctionality@350aac89]" started-at="2024-07-19T21:31:09 IST" name="setup" finished-at="2024-07-19T21:31:12 IST" duration-ms="3220" status="PASS">
          <reporter-output>
          </reporter-output>
        </test-method> <!-- setup -->
        <test-method signature="verifySearchWithoutAnyProduct()[pri:3, instance:com.tutorialsninja.qa.testcases.SearchFunctionality@350aac89]" started-at="2024-07-19T21:31:12 IST" name="verifySearchWithoutAnyProduct" finished-at="2024-07-19T21:31:12 IST" duration-ms="368" status="PASS">
          <reporter-output>
          </reporter-output>
        </test-method> <!-- verifySearchWithoutAnyProduct -->
        <test-method is-config="true" signature="tearDown()[pri:0, instance:com.tutorialsninja.qa.testcases.SearchFunctionality@350aac89]" started-at="2024-07-19T21:31:12 IST" name="tearDown" finished-at="2024-07-19T21:31:13 IST" duration-ms="248" status="PASS">
          <reporter-output>
          </reporter-output>
        </test-method> <!-- tearDown -->
      </class> <!-- com.tutorialsninja.qa.testcases.SearchFunctionality -->
      <class name="com.tutorialsninja.qa.testcases.RegistrationPage">
        <test-method is-config="true" signature="setup()[pri:0, instance:com.tutorialsninja.qa.testcases.RegistrationPage@f78a47e]" started-at="2024-07-19T21:30:01 IST" name="setup" finished-at="2024-07-19T21:30:05 IST" duration-ms="4563" status="PASS">
          <reporter-output>
          </reporter-output>
        </test-method> <!-- setup -->
        <test-method signature="verifyRegisterwithMandatoryFields()[pri:1, instance:com.tutorialsninja.qa.testcases.RegistrationPage@f78a47e]" started-at="2024-07-19T21:30:05 IST" name="verifyRegisterwithMandatoryFields" finished-at="2024-07-19T21:30:07 IST" duration-ms="1707" status="PASS">
          <reporter-output>
          </reporter-output>
        </test-method> <!-- verifyRegisterwithMandatoryFields -->
        <test-method is-config="true" signature="tearDown()[pri:0, instance:com.tutorialsninja.qa.testcases.RegistrationPage@f78a47e]" started-at="2024-07-19T21:30:07 IST" name="tearDown" finished-at="2024-07-19T21:30:07 IST" duration-ms="236" status="PASS">
          <reporter-output>
          </reporter-output>
        </test-method> <!-- tearDown -->
        <test-method is-config="true" signature="setup()[pri:0, instance:com.tutorialsninja.qa.testcases.RegistrationPage@f78a47e]" started-at="2024-07-19T21:30:07 IST" name="setup" finished-at="2024-07-19T21:30:11 IST" duration-ms="3829" status="PASS">
          <reporter-output>
          </reporter-output>
        </test-method> <!-- setup -->
        <test-method signature="verifyRegisterwithAllFields()[pri:2, instance:com.tutorialsninja.qa.testcases.RegistrationPage@f78a47e]" started-at="2024-07-19T21:30:11 IST" name="verifyRegisterwithAllFields" finished-at="2024-07-19T21:30:12 IST" duration-ms="1564" status="PASS">
          <reporter-output>
          </reporter-output>
        </test-method> <!-- verifyRegisterwithAllFields -->
        <test-method is-config="true" signature="tearDown()[pri:0, instance:com.tutorialsninja.qa.testcases.RegistrationPage@f78a47e]" started-at="2024-07-19T21:30:12 IST" name="tearDown" finished-at="2024-07-19T21:30:13 IST" duration-ms="220" status="PASS">
          <reporter-output>
          </reporter-output>
        </test-method> <!-- tearDown -->
        <test-method is-config="true" signature="setup()[pri:0, instance:com.tutorialsninja.qa.testcases.RegistrationPage@f78a47e]" started-at="2024-07-19T21:30:13 IST" name="setup" finished-at="2024-07-19T21:30:16 IST" duration-ms="3698" status="PASS">
          <reporter-output>
          </reporter-output>
        </test-method> <!-- setup -->
        <test-method signature="verifyRegiserwithExistingEmailAddress()[pri:3, instance:com.tutorialsninja.qa.testcases.RegistrationPage@f78a47e]" started-at="2024-07-19T21:30:16 IST" name="verifyRegiserwithExistingEmailAddress" finished-at="2024-07-19T21:30:18 IST" duration-ms="1233" status="PASS">
          <reporter-output>
          </reporter-output>
        </test-method> <!-- verifyRegiserwithExistingEmailAddress -->
        <test-method is-config="true" signature="tearDown()[pri:0, instance:com.tutorialsninja.qa.testcases.RegistrationPage@f78a47e]" started-at="2024-07-19T21:30:18 IST" name="tearDown" finished-at="2024-07-19T21:30:18 IST" duration-ms="235" status="PASS">
          <reporter-output>
          </reporter-output>
        </test-method> <!-- tearDown -->
        <test-method is-config="true" signature="setup()[pri:0, instance:com.tutorialsninja.qa.testcases.RegistrationPage@f78a47e]" started-at="2024-07-19T21:30:18 IST" name="setup" finished-at="2024-07-19T21:30:21 IST" duration-ms="3627" status="PASS">
          <reporter-output>
          </reporter-output>
        </test-method> <!-- setup -->
        <test-method signature="verifyRegisteringwithoutProvidingAnyDetails()[pri:4, instance:com.tutorialsninja.qa.testcases.RegistrationPage@f78a47e]" started-at="2024-07-19T21:30:21 IST" name="verifyRegisteringwithoutProvidingAnyDetails" finished-at="2024-07-19T21:30:25 IST" duration-ms="3616" status="PASS">
          <reporter-output>
          </reporter-output>
        </test-method> <!-- verifyRegisteringwithoutProvidingAnyDetails -->
        <test-method is-config="true" signature="tearDown()[pri:0, instance:com.tutorialsninja.qa.testcases.RegistrationPage@f78a47e]" started-at="2024-07-19T21:30:25 IST" name="tearDown" finished-at="2024-07-19T21:30:25 IST" duration-ms="252" status="PASS">
          <reporter-output>
          </reporter-output>
        </test-method> <!-- tearDown -->
      </class> <!-- com.tutorialsninja.qa.testcases.RegistrationPage -->
      <class name="com.tutorialsninja.qa.testcases.Login">
        <test-method is-config="true" signature="setup()[pri:0, instance:com.tutorialsninja.qa.testcases.Login@75437611]" started-at="2024-07-19T21:30:26 IST" name="setup" finished-at="2024-07-19T21:30:30 IST" duration-ms="3547" status="PASS">
          <reporter-output>
          </reporter-output>
        </test-method> <!-- setup -->
        <test-method signature="verifyLoginwithValidCredentials(java.lang.String,java.lang.String)[pri:1, instance:com.tutorialsninja.qa.testcases.Login@75437611]" started-at="2024-07-19T21:30:30 IST" name="verifyLoginwithValidCredentials" data-provider="validCredentialsSupplier" finished-at="2024-07-19T21:30:31 IST" duration-ms="907" status="PASS">
          <params>
            <param index="0">
              <value>
                <![CDATA[sashidhar123@gmail.com]]>
              </value>
            </param>
            <param index="1">
              <value>
                <![CDATA[12345]]>
              </value>
            </param>
          </params>
          <reporter-output>
          </reporter-output>
        </test-method> <!-- verifyLoginwithValidCredentials -->
        <test-method is-config="true" signature="tearDown()[pri:0, instance:com.tutorialsninja.qa.testcases.Login@75437611]" started-at="2024-07-19T21:30:31 IST" name="tearDown" finished-at="2024-07-19T21:30:31 IST" duration-ms="226" status="PASS">
          <reporter-output>
          </reporter-output>
        </test-method> <!-- tearDown -->
        <test-method is-config="true" signature="setup()[pri:0, instance:com.tutorialsninja.qa.testcases.Login@75437611]" started-at="2024-07-19T21:30:31 IST" name="setup" finished-at="2024-07-19T21:30:35 IST" duration-ms="3880" status="PASS">
          <reporter-output>
          </reporter-output>
        </test-method> <!-- setup -->
        <test-method signature="verifyLoginwithValidCredentials(java.lang.String,java.lang.String)[pri:1, instance:com.tutorialsninja.qa.testcases.Login@75437611]" started-at="2024-07-19T21:30:35 IST" name="verifyLoginwithValidCredentials" data-provider="validCredentialsSupplier" finished-at="2024-07-19T21:30:36 IST" duration-ms="992" status="PASS">
          <params>
            <param index="0">
              <value>
                <![CDATA[gvn.sashidhar@gmail.com]]>
              </value>
            </param>
            <param index="1">
              <value>
                <![CDATA[12345]]>
              </value>
            </param>
          </params>
          <reporter-output>
          </reporter-output>
        </test-method> <!-- verifyLoginwithValidCredentials -->
        <test-method is-config="true" signature="tearDown()[pri:0, instance:com.tutorialsninja.qa.testcases.Login@75437611]" started-at="2024-07-19T21:30:36 IST" name="tearDown" finished-at="2024-07-19T21:30:36 IST" duration-ms="237" status="PASS">
          <reporter-output>
          </reporter-output>
        </test-method> <!-- tearDown -->
        <test-method is-config="true" signature="setup()[pri:0, instance:com.tutorialsninja.qa.testcases.Login@75437611]" started-at="2024-07-19T21:30:36 IST" name="setup" finished-at="2024-07-19T21:30:40 IST" duration-ms="3924" status="PASS">
          <reporter-output>
          </reporter-output>
        </test-method> <!-- setup -->
        <test-method signature="verifyLoginwithValidCredentials(java.lang.String,java.lang.String)[pri:1, instance:com.tutorialsninja.qa.testcases.Login@75437611]" started-at="2024-07-19T21:30:40 IST" name="verifyLoginwithValidCredentials" data-provider="validCredentialsSupplier" finished-at="2024-07-19T21:30:41 IST" duration-ms="1079" status="PASS">
          <params>
            <param index="0">
              <value>
                <![CDATA[sashidhar143@gmail.com]]>
              </value>
            </param>
            <param index="1">
              <value>
                <![CDATA[12345]]>
              </value>
            </param>
          </params>
          <reporter-output>
          </reporter-output>
        </test-method> <!-- verifyLoginwithValidCredentials -->
        <test-method is-config="true" signature="tearDown()[pri:0, instance:com.tutorialsninja.qa.testcases.Login@75437611]" started-at="2024-07-19T21:30:41 IST" name="tearDown" finished-at="2024-07-19T21:30:41 IST" duration-ms="218" status="PASS">
          <reporter-output>
          </reporter-output>
        </test-method> <!-- tearDown -->
        <test-method is-config="true" signature="setup()[pri:0, instance:com.tutorialsninja.qa.testcases.Login@75437611]" started-at="2024-07-19T21:30:41 IST" name="setup" finished-at="2024-07-19T21:30:45 IST" duration-ms="3966" status="PASS">
          <reporter-output>
          </reporter-output>
        </test-method> <!-- setup -->
        <test-method signature="verifywithInvalidCredentials()[pri:2, instance:com.tutorialsninja.qa.testcases.Login@75437611]" started-at="2024-07-19T21:30:45 IST" name="verifywithInvalidCredentials" finished-at="2024-07-19T21:30:46 IST" duration-ms="915" status="PASS">
          <reporter-output>
          </reporter-output>
        </test-method> <!-- verifywithInvalidCredentials -->
        <test-method is-config="true" signature="tearDown()[pri:0, instance:com.tutorialsninja.qa.testcases.Login@75437611]" started-at="2024-07-19T21:30:46 IST" name="tearDown" finished-at="2024-07-19T21:30:46 IST" duration-ms="222" status="PASS">
          <reporter-output>
          </reporter-output>
        </test-method> <!-- tearDown -->
        <test-method is-config="true" signature="setup()[pri:0, instance:com.tutorialsninja.qa.testcases.Login@75437611]" started-at="2024-07-19T21:30:46 IST" name="setup" finished-at="2024-07-19T21:30:50 IST" duration-ms="3766" status="PASS">
          <reporter-output>
          </reporter-output>
        </test-method> <!-- setup -->
        <test-method signature="verifywithvalidUsernameandInvalidPassword()[pri:3, instance:com.tutorialsninja.qa.testcases.Login@75437611]" started-at="2024-07-19T21:30:50 IST" name="verifywithvalidUsernameandInvalidPassword" finished-at="2024-07-19T21:30:51 IST" duration-ms="799" status="PASS">
          <reporter-output>
          </reporter-output>
        </test-method> <!-- verifywithvalidUsernameandInvalidPassword -->
        <test-method is-config="true" signature="tearDown()[pri:0, instance:com.tutorialsninja.qa.testcases.Login@75437611]" started-at="2024-07-19T21:30:51 IST" name="tearDown" finished-at="2024-07-19T21:30:51 IST" duration-ms="213" status="PASS">
          <reporter-output>
          </reporter-output>
        </test-method> <!-- tearDown -->
        <test-method is-config="true" signature="setup()[pri:0, instance:com.tutorialsninja.qa.testcases.Login@75437611]" started-at="2024-07-19T21:30:51 IST" name="setup" finished-at="2024-07-19T21:30:55 IST" duration-ms="3611" status="PASS">
          <reporter-output>
          </reporter-output>
        </test-method> <!-- setup -->
        <test-method signature="verifywithInvalidEmailandValidPassword()[pri:4, instance:com.tutorialsninja.qa.testcases.Login@75437611]" started-at="2024-07-19T21:30:55 IST" name="verifywithInvalidEmailandValidPassword" finished-at="2024-07-19T21:30:56 IST" duration-ms="848" status="PASS">
          <reporter-output>
          </reporter-output>
        </test-method> <!-- verifywithInvalidEmailandValidPassword -->
        <test-method is-config="true" signature="tearDown()[pri:0, instance:com.tutorialsninja.qa.testcases.Login@75437611]" started-at="2024-07-19T21:30:56 IST" name="tearDown" finished-at="2024-07-19T21:30:56 IST" duration-ms="233" status="PASS">
          <reporter-output>
          </reporter-output>
        </test-method> <!-- tearDown -->
        <test-method is-config="true" signature="setup()[pri:0, instance:com.tutorialsninja.qa.testcases.Login@75437611]" started-at="2024-07-19T21:30:56 IST" name="setup" finished-at="2024-07-19T21:31:00 IST" duration-ms="3807" status="PASS">
          <reporter-output>
          </reporter-output>
        </test-method> <!-- setup -->
        <test-method signature="verifywithoutProvidingAnyCredentials()[pri:5, instance:com.tutorialsninja.qa.testcases.Login@75437611]" started-at="2024-07-19T21:31:00 IST" name="verifywithoutProvidingAnyCredentials" finished-at="2024-07-19T21:31:00 IST" duration-ms="508" status="PASS">
          <reporter-output>
          </reporter-output>
        </test-method> <!-- verifywithoutProvidingAnyCredentials -->
        <test-method is-config="true" signature="tearDown()[pri:0, instance:com.tutorialsninja.qa.testcases.Login@75437611]" started-at="2024-07-19T21:31:00 IST" name="tearDown" finished-at="2024-07-19T21:31:00 IST" duration-ms="222" status="PASS">
          <reporter-output>
          </reporter-output>
        </test-method> <!-- tearDown -->
      </class> <!-- com.tutorialsninja.qa.testcases.Login -->
    </test> <!-- TutorialsNinja Automation Tests -->
  </suite> <!-- TutorialsNinja Automation Test Suite -->
</testng-results>
